<?xml version="1.0" encoding="UTF-8"?>
<!-- Generated by org.testng.reporters.JUnitReportReporter -->
<testsuite hostname="DESKTOP-0817IM2" name="com.testhouse.webdriver.GeneralFunctions" tests="1" failures="0" timestamp="13 Nov 2016 04:13:18 GMT" time="9.376" errors="0">
  <testcase name="print" time="9.376" classname="com.testhouse.webdriver.GeneralFunctions"/>
</testsuite> <!-- com.testhouse.webdriver.GeneralFunctions -->
